This is pdfTeX, Version 3.141592653-2.6-1.40.24 (MiKTeX 22.8.28) (preloaded format=pdflatex 2022.10.11)  30 MAY 2023 20:21
entering extended mode
 \write18 enabled.
 %&-line parsing enabled.
**./HW7.tex
(HW7.tex
LaTeX2e <2022-06-01> patch level 5
L3 programming layer <2022-09-28>
(C:\Users\Rohan Mukherjee\AppData\Local\Programs\MiKTeX\tex/latex/base\article.
cls
Document Class: article 2021/10/04 v1.4n Standard LaTeX document class

(C:\Users\Rohan Mukherjee\AppData\Local\Programs\MiKTeX\tex/latex/base\size12.c
lo
File: size12.clo 2021/10/04 v1.4n Standard LaTeX file (size option)
)
\c@part=\count185
\c@section=\count186
\c@subsection=\count187
\c@subsubsection=\count188
\c@paragraph=\count189
\c@subparagraph=\count190
\c@figure=\count191
\c@table=\count192
\abovecaptionskip=\skip47
\belowcaptionskip=\skip48
\bibindent=\dimen138
)
(C:\Users\Rohan Mukherjee\AppData\Local\Programs\MiKTeX\tex/latex/geometry\geom
etry.sty
Package: geometry 2020/01/02 v5.9 Page Geometry

(C:\Users\Rohan Mukherjee\AppData\Local\Programs\MiKTeX\tex/latex/graphics\keyv
al.sty
Package: keyval 2022/05/29 v1.15 key=value parser (DPC)
\KV@toks@=\toks16
)
(C:\Users\Rohan Mukherjee\AppData\Local\Programs\MiKTeX\tex/generic/iftex\ifvte
x.sty
Package: ifvtex 2019/10/25 v1.7 ifvtex legacy package. Use iftex instead.

(C:\Users\Rohan Mukherjee\AppData\Local\Programs\MiKTeX\tex/generic/iftex\iftex
.sty
Package: iftex 2022/02/03 v1.0f TeX engine tests
))
\Gm@cnth=\count193
\Gm@cntv=\count194
\c@Gm@tempcnt=\count195
\Gm@bindingoffset=\dimen139
\Gm@wd@mp=\dimen140
\Gm@odd@mp=\dimen141
\Gm@even@mp=\dimen142
\Gm@layoutwidth=\dimen143
\Gm@layoutheight=\dimen144
\Gm@layouthoffset=\dimen145
\Gm@layoutvoffset=\dimen146
\Gm@dimlist=\toks17

(C:\Users\Rohan Mukherjee\AppData\Local\Programs\MiKTeX\tex/latex/geometry\geom
etry.cfg))
(C:\Users\Rohan Mukherjee\AppData\Local\Programs\MiKTeX\tex/latex/ucs\ucs.sty
Package: ucs 2022/08/07 v2.3 UCS: Unicode input support

(C:\Users\Rohan Mukherjee\AppData\Local\Programs\MiKTeX\tex/latex/ucs/data\uni-
global.def
File: uni-global.def 2022/08/07 UCS: Unicode global data
)
\uc@secondtry=\count196
\uc@combtoks=\toks18
\uc@combtoksb=\toks19
\uc@temptokena=\toks20
)
(C:\Users\Rohan Mukherjee\AppData\Local\Programs\MiKTeX\tex/latex/base\inputenc
.sty
Package: inputenc 2021/02/14 v1.3d Input encoding file
\inpenc@prehook=\toks21
\inpenc@posthook=\toks22

(C:\Users\Rohan Mukherjee\AppData\Local\Programs\MiKTeX\tex/latex/ucs\utf8x.def
File: utf8x.def 2022/08/07 UCS: Input encoding UTF-8
))
(C:\Users\Rohan Mukherjee\AppData\Local\Programs\MiKTeX\tex/latex/xcolor\xcolor
.sty
Package: xcolor 2022/06/12 v2.14 LaTeX color extensions (UK)

(C:\Users\Rohan Mukherjee\AppData\Local\Programs\MiKTeX\tex/latex/graphics-cfg\
color.cfg
File: color.cfg 2016/01/02 v1.6 sample color configuration
)
Package xcolor Info: Driver file: pdftex.def on input line 227.

(C:\Users\Rohan Mukherjee\AppData\Local\Programs\MiKTeX\tex/latex/graphics-def\
pdftex.def
File: pdftex.def 2022/09/22 v1.2b Graphics/color driver for pdftex
\stockwidth=\dimen147
\stockheight=\dimen148
)
(C:\Users\Rohan Mukherjee\AppData\Local\Programs\MiKTeX\tex/latex/colortbl\colo
rtbl.sty
Package: colortbl 2022/06/20 v1.0f Color table columns (DPC)

(C:\Users\Rohan Mukherjee\AppData\Local\Programs\MiKTeX\tex/latex/tools\array.s
ty
Package: array 2022/03/10 v2.5f Tabular extension package (FMi)
\col@sep=\dimen149
\ar@mcellbox=\box51
\extrarowheight=\dimen150
\NC@list=\toks23
\extratabsurround=\skip49
\backup@length=\skip50
\ar@cellbox=\box52
)
\everycr=\toks24
\minrowclearance=\skip51
\rownum=\count197
)
(C:\Users\Rohan Mukherjee\AppData\Local\Programs\MiKTeX\tex/latex/graphics\math
color.ltx)
Package xcolor Info: Model `cmy' substituted by `cmy0' on input line 1353.
Package xcolor Info: Model `hsb' substituted by `rgb' on input line 1357.
Package xcolor Info: Model `RGB' extended on input line 1369.
Package xcolor Info: Model `HTML' substituted by `rgb' on input line 1371.
Package xcolor Info: Model `Hsb' substituted by `hsb' on input line 1372.
Package xcolor Info: Model `tHsb' substituted by `hsb' on input line 1373.
Package xcolor Info: Model `HSB' substituted by `hsb' on input line 1374.
Package xcolor Info: Model `Gray' substituted by `gray' on input line 1375.
Package xcolor Info: Model `wave' substituted by `hsb' on input line 1376.

(C:\Users\Rohan Mukherjee\AppData\Local\Programs\MiKTeX\tex/latex/graphics\dvip
snam.def
File: dvipsnam.def 2016/06/17 v3.0m Driver-dependent file (DPC,SPQR)
))
(C:\Users\Rohan Mukherjee\AppData\Local\Programs\MiKTeX\tex/latex/hyperref\hype
rref.sty
Package: hyperref 2022-09-22 v7.00t Hypertext links for LaTeX

(C:\Users\Rohan Mukherjee\AppData\Local\Programs\MiKTeX\tex/generic/ltxcmds\ltx
cmds.sty
Package: ltxcmds 2020-05-10 v1.25 LaTeX kernel commands for general use (HO)
)
(C:\Users\Rohan Mukherjee\AppData\Local\Programs\MiKTeX\tex/generic/pdftexcmds\
pdftexcmds.sty
Package: pdftexcmds 2020-06-27 v0.33 Utility functions of pdfTeX for LuaTeX (HO
)

(C:\Users\Rohan Mukherjee\AppData\Local\Programs\MiKTeX\tex/generic/infwarerr\i
nfwarerr.sty
Package: infwarerr 2019/12/03 v1.5 Providing info/warning/error messages (HO)
)
Package pdftexcmds Info: \pdf@primitive is available.
Package pdftexcmds Info: \pdf@ifprimitive is available.
Package pdftexcmds Info: \pdfdraftmode found.
)
(C:\Users\Rohan Mukherjee\AppData\Local\Programs\MiKTeX\tex/latex/kvsetkeys\kvs
etkeys.sty
Package: kvsetkeys 2022-10-05 v1.19 Key value parser (HO)
)
(C:\Users\Rohan Mukherjee\AppData\Local\Programs\MiKTeX\tex/generic/kvdefinekey
s\kvdefinekeys.sty
Package: kvdefinekeys 2019-12-19 v1.6 Define keys (HO)
)
(C:\Users\Rohan Mukherjee\AppData\Local\Programs\MiKTeX\tex/generic/pdfescape\p
dfescape.sty
Package: pdfescape 2019/12/09 v1.15 Implements pdfTeX's escape features (HO)
)
(C:\Users\Rohan Mukherjee\AppData\Local\Programs\MiKTeX\tex/latex/hycolor\hycol
or.sty
Package: hycolor 2020-01-27 v1.10 Color options for hyperref/bookmark (HO)
)
(C:\Users\Rohan Mukherjee\AppData\Local\Programs\MiKTeX\tex/latex/letltxmacro\l
etltxmacro.sty
Package: letltxmacro 2019/12/03 v1.6 Let assignment for LaTeX macros (HO)
)
(C:\Users\Rohan Mukherjee\AppData\Local\Programs\MiKTeX\tex/latex/auxhook\auxho
ok.sty
Package: auxhook 2019-12-17 v1.6 Hooks for auxiliary files (HO)
)
(C:\Users\Rohan Mukherjee\AppData\Local\Programs\MiKTeX\tex/latex/hyperref\name
ref.sty
Package: nameref 2022-05-17 v2.50 Cross-referencing by name of section

(C:\Users\Rohan Mukherjee\AppData\Local\Programs\MiKTeX\tex/latex/refcount\refc
ount.sty
Package: refcount 2019/12/15 v3.6 Data extraction from label references (HO)
)
(C:\Users\Rohan Mukherjee\AppData\Local\Programs\MiKTeX\tex/generic/gettitlestr
ing\gettitlestring.sty
Package: gettitlestring 2019/12/15 v1.6 Cleanup title references (HO)

(C:\Users\Rohan Mukherjee\AppData\Local\Programs\MiKTeX\tex/latex/kvoptions\kvo
ptions.sty
Package: kvoptions 2022-06-15 v3.15 Key value format for package options (HO)
))
\c@section@level=\count198
)
\@linkdim=\dimen151
\Hy@linkcounter=\count199
\Hy@pagecounter=\count266

(C:\Users\Rohan Mukherjee\AppData\Local\Programs\MiKTeX\tex/latex/hyperref\pd1e
nc.def
File: pd1enc.def 2022-09-22 v7.00t Hyperref: PDFDocEncoding definition (HO)
)
(C:\Users\Rohan Mukherjee\AppData\Local\Programs\MiKTeX\tex/generic/intcalc\int
calc.sty
Package: intcalc 2019/12/15 v1.3 Expandable calculations with integers (HO)
)
(C:\Users\Rohan Mukherjee\AppData\Local\Programs\MiKTeX\tex/generic/etexcmds\et
excmds.sty
Package: etexcmds 2019/12/15 v1.7 Avoid name clashes with e-TeX commands (HO)
)
\Hy@SavedSpaceFactor=\count267

(C:\Users\Rohan Mukherjee\AppData\Local\Programs\MiKTeX\tex/latex/hyperref\puen
c.def
File: puenc.def 2022-09-22 v7.00t Hyperref: PDF Unicode definition (HO)
)
Package hyperref Info: Hyper figures OFF on input line 4162.
Package hyperref Info: Link nesting OFF on input line 4167.
Package hyperref Info: Hyper index ON on input line 4170.
Package hyperref Info: Plain pages OFF on input line 4177.
Package hyperref Info: Backreferencing OFF on input line 4182.
Package hyperref Info: Implicit mode ON; LaTeX internals redefined.
Package hyperref Info: Bookmarks ON on input line 4410.
\c@Hy@tempcnt=\count268

(C:\Users\Rohan Mukherjee\AppData\Local\Programs\MiKTeX\tex/latex/url\url.sty
\Urlmuskip=\muskip16
Package: url 2013/09/16  ver 3.4  Verb mode for urls, etc.
)
LaTeX Info: Redefining \url on input line 4748.
\XeTeXLinkMargin=\dimen152

(C:\Users\Rohan Mukherjee\AppData\Local\Programs\MiKTeX\tex/generic/bitset\bits
et.sty
Package: bitset 2019/12/09 v1.3 Handle bit-vector datatype (HO)

(C:\Users\Rohan Mukherjee\AppData\Local\Programs\MiKTeX\tex/generic/bigintcalc\
bigintcalc.sty
Package: bigintcalc 2019/12/15 v1.5 Expandable calculations on big integers (HO
)
))
\Fld@menulength=\count269
\Field@Width=\dimen153
\Fld@charsize=\dimen154
Package hyperref Info: Hyper figures OFF on input line 6027.
Package hyperref Info: Link nesting OFF on input line 6032.
Package hyperref Info: Hyper index ON on input line 6035.
Package hyperref Info: backreferencing OFF on input line 6042.
Package hyperref Info: Link coloring OFF on input line 6047.
Package hyperref Info: Link coloring with OCG OFF on input line 6052.
Package hyperref Info: PDF/A mode OFF on input line 6057.

(C:\Users\Rohan Mukherjee\AppData\Local\Programs\MiKTeX\tex/latex/base\atbegshi
-ltx.sty
Package: atbegshi-ltx 2021/01/10 v1.0c Emulation of the original atbegshi
package with kernel methods
)
\Hy@abspage=\count270
\c@Item=\count271
\c@Hfootnote=\count272
)
Package hyperref Info: Driver (autodetected): hpdftex.

(C:\Users\Rohan Mukherjee\AppData\Local\Programs\MiKTeX\tex/latex/hyperref\hpdf
tex.def
File: hpdftex.def 2022-09-22 v7.00t Hyperref driver for pdfTeX

(C:\Users\Rohan Mukherjee\AppData\Local\Programs\MiKTeX\tex/latex/base\atveryen
d-ltx.sty
Package: atveryend-ltx 2020/08/19 v1.0a Emulation of the original atveryend pac
kage
with kernel methods
)
\Fld@listcount=\count273
\c@bookmark@seq@number=\count274

(C:\Users\Rohan Mukherjee\AppData\Local\Programs\MiKTeX\tex/latex/rerunfilechec
k\rerunfilecheck.sty
Package: rerunfilecheck 2022-07-10 v1.10 Rerun checks for auxiliary files (HO)

(C:\Users\Rohan Mukherjee\AppData\Local\Programs\MiKTeX\tex/generic/uniquecount
er\uniquecounter.sty
Package: uniquecounter 2019/12/15 v1.4 Provide unlimited unique counter (HO)
)
Package uniquecounter Info: New unique counter `rerunfilecheck' on input line 2
85.
)
\Hy@SectionHShift=\skip52
)
Package hyperref Info: Option `colorlinks' set `true' on input line 18.

(C:\Users\Rohan Mukherjee\AppData\Local\Programs\MiKTeX\tex/latex/amsmath\amsma
th.sty
Package: amsmath 2022/04/08 v2.17n AMS math features
\@mathmargin=\skip53

For additional information on amsmath, use the `?' option.

(C:\Users\Rohan Mukherjee\AppData\Local\Programs\MiKTeX\tex/latex/amsmath\amste
xt.sty
Package: amstext 2021/08/26 v2.01 AMS text

(C:\Users\Rohan Mukherjee\AppData\Local\Programs\MiKTeX\tex/latex/amsmath\amsge
n.sty
File: amsgen.sty 1999/11/30 v2.0 generic functions
\@emptytoks=\toks25
\ex@=\dimen155
))
(C:\Users\Rohan Mukherjee\AppData\Local\Programs\MiKTeX\tex/latex/amsmath\amsbs
y.sty
Package: amsbsy 1999/11/29 v1.2d Bold Symbols
\pmbraise@=\dimen156
)
(C:\Users\Rohan Mukherjee\AppData\Local\Programs\MiKTeX\tex/latex/amsmath\amsop
n.sty
Package: amsopn 2022/04/08 v2.04 operator names
)
\inf@bad=\count275
LaTeX Info: Redefining \frac on input line 234.
\uproot@=\count276
\leftroot@=\count277
LaTeX Info: Redefining \overline on input line 399.
LaTeX Info: Redefining \colon on input line 410.
\classnum@=\count278
\DOTSCASE@=\count279
LaTeX Info: Redefining \ldots on input line 496.
LaTeX Info: Redefining \dots on input line 499.
LaTeX Info: Redefining \cdots on input line 620.
\Mathstrutbox@=\box53
\strutbox@=\box54
LaTeX Info: Redefining \big on input line 722.
LaTeX Info: Redefining \Big on input line 723.
LaTeX Info: Redefining \bigg on input line 724.
LaTeX Info: Redefining \Bigg on input line 725.
\big@size=\dimen157
LaTeX Font Info:    Redeclaring font encoding OML on input line 743.
LaTeX Font Info:    Redeclaring font encoding OMS on input line 744.
\macc@depth=\count280
LaTeX Info: Redefining \bmod on input line 905.
LaTeX Info: Redefining \pmod on input line 910.
LaTeX Info: Redefining \smash on input line 940.
LaTeX Info: Redefining \relbar on input line 970.
LaTeX Info: Redefining \Relbar on input line 971.
\c@MaxMatrixCols=\count281
\dotsspace@=\muskip17
\c@parentequation=\count282
\dspbrk@lvl=\count283
\tag@help=\toks26
\row@=\count284
\column@=\count285
\maxfields@=\count286
\andhelp@=\toks27
\eqnshift@=\dimen158
\alignsep@=\dimen159
\tagshift@=\dimen160
\tagwidth@=\dimen161
\totwidth@=\dimen162
\lineht@=\dimen163
\@envbody=\toks28
\multlinegap=\skip54
\multlinetaggap=\skip55
\mathdisplay@stack=\toks29
LaTeX Info: Redefining \[ on input line 2953.
LaTeX Info: Redefining \] on input line 2954.
)
(C:\Users\Rohan Mukherjee\AppData\Local\Programs\MiKTeX\tex/latex/amsfonts\amss
ymb.sty
Package: amssymb 2013/01/14 v3.01 AMS font symbols

(C:\Users\Rohan Mukherjee\AppData\Local\Programs\MiKTeX\tex/latex/amsfonts\amsf
onts.sty
Package: amsfonts 2013/01/14 v3.01 Basic AMSFonts support
\symAMSa=\mathgroup4
\symAMSb=\mathgroup5
LaTeX Font Info:    Redeclaring math symbol \hbar on input line 98.
LaTeX Font Info:    Overwriting math alphabet `\mathfrak' in version `bold'
(Font)                  U/euf/m/n --> U/euf/b/n on input line 106.
))
(C:\Users\Rohan Mukherjee\AppData\Local\Programs\MiKTeX\tex/latex/amsmath\amscd
.sty
Package: amscd 2017/04/14 v2.1 AMS Commutative Diagrams
\athelp@=\toks30
\minaw@=\dimen164
\bigaw@=\dimen165
\minCDarrowwidth=\dimen166
)
(C:\Users\Rohan Mukherjee\AppData\Local\Programs\MiKTeX\tex/latex/amscls\amsthm
.sty
Package: amsthm 2020/05/29 v2.20.6
\thm@style=\toks31
\thm@bodyfont=\toks32
\thm@headfont=\toks33
\thm@notefont=\toks34
\thm@headpunct=\toks35
\thm@preskip=\skip56
\thm@postskip=\skip57
\thm@headsep=\skip58
\dth@everypar=\toks36
)
(C:\Users\Rohan Mukherjee\AppData\Local\Programs\MiKTeX\tex/latex/amsmath\amsxt
ra.sty
Package: amsxtra 1999/11/15 v1.2c AMS extra commands
LaTeX Info: Redefining \nobreakspace on input line 54.
)
(C:\Users\Rohan Mukherjee\AppData\Local\Programs\MiKTeX\tex/latex/pxfonts\pxfon
ts.sty
Package: pxfonts 2008/01/22 v1.1.1
LaTeX Font Info:    Redeclaring symbol font `operators' on input line 21.
LaTeX Font Info:    Overwriting symbol font `operators' in version `normal'
(Font)                  OT1/cmr/m/n --> OT1/pxr/m/n on input line 21.
LaTeX Font Info:    Overwriting symbol font `operators' in version `bold'
(Font)                  OT1/cmr/bx/n --> OT1/pxr/m/n on input line 21.
LaTeX Font Info:    Overwriting symbol font `operators' in version `bold'
(Font)                  OT1/pxr/m/n --> OT1/pxr/bx/n on input line 22.
\symitalic=\mathgroup6
LaTeX Font Info:    Overwriting symbol font `italic' in version `bold'
(Font)                  OT1/pxr/m/it --> OT1/pxr/bx/it on input line 26.
LaTeX Font Info:    Redeclaring math alphabet \mathbf on input line 29.
LaTeX Font Info:    Overwriting math alphabet `\mathbf' in version `normal'
(Font)                  OT1/cmr/bx/n --> OT1/pxr/bx/n on input line 29.
LaTeX Font Info:    Overwriting math alphabet `\mathbf' in version `bold'
(Font)                  OT1/cmr/bx/n --> OT1/pxr/bx/n on input line 29.
LaTeX Font Info:    Redeclaring math alphabet \mathit on input line 30.
LaTeX Font Info:    Overwriting math alphabet `\mathit' in version `normal'
(Font)                  OT1/cmr/m/it --> OT1/pxr/m/it on input line 30.
LaTeX Font Info:    Overwriting math alphabet `\mathit' in version `bold'
(Font)                  OT1/cmr/bx/it --> OT1/pxr/m/it on input line 30.
LaTeX Font Info:    Overwriting math alphabet `\mathit' in version `bold'
(Font)                  OT1/pxr/m/it --> OT1/pxr/bx/it on input line 31.
LaTeX Font Info:    Redeclaring math alphabet \mathsf on input line 40.
LaTeX Font Info:    Overwriting math alphabet `\mathsf' in version `normal'
(Font)                  OT1/cmss/m/n --> OT1/pxss/m/n on input line 40.
LaTeX Font Info:    Overwriting math alphabet `\mathsf' in version `bold'
(Font)                  OT1/cmss/bx/n --> OT1/pxss/m/n on input line 40.
LaTeX Font Info:    Overwriting math alphabet `\mathsf' in version `bold'
(Font)                  OT1/pxss/m/n --> OT1/pxss/b/n on input line 41.
LaTeX Font Info:    Redeclaring math alphabet \mathtt on input line 50.
LaTeX Font Info:    Overwriting math alphabet `\mathtt' in version `normal'
(Font)                  OT1/cmtt/m/n --> OT1/pxtt/m/n on input line 50.
LaTeX Font Info:    Overwriting math alphabet `\mathtt' in version `bold'
(Font)                  OT1/cmtt/m/n --> OT1/pxtt/m/n on input line 50.
LaTeX Font Info:    Overwriting math alphabet `\mathtt' in version `bold'
(Font)                  OT1/pxtt/m/n --> OT1/pxtt/b/n on input line 51.
LaTeX Font Info:    Redeclaring symbol font `letters' on input line 58.
LaTeX Font Info:    Overwriting symbol font `letters' in version `normal'
(Font)                  OML/cmm/m/it --> OML/pxmi/m/it on input line 58.
LaTeX Font Info:    Overwriting symbol font `letters' in version `bold'
(Font)                  OML/cmm/b/it --> OML/pxmi/m/it on input line 58.
LaTeX Font Info:    Overwriting symbol font `letters' in version `bold'
(Font)                  OML/pxmi/m/it --> OML/pxmi/bx/it on input line 59.
\symlettersA=\mathgroup7
LaTeX Font Info:    Overwriting symbol font `lettersA' in version `bold'
(Font)                  U/pxmia/m/it --> U/pxmia/bx/it on input line 67.
LaTeX Font Info:    Redeclaring math alphabet \mathfrak on input line 70.
LaTeX Font Info:    Redeclaring symbol font `symbols' on input line 77.
LaTeX Font Info:    Overwriting symbol font `symbols' in version `normal'
(Font)                  OMS/cmsy/m/n --> OMS/pxsy/m/n on input line 77.
LaTeX Font Info:    Overwriting symbol font `symbols' in version `bold'
(Font)                  OMS/cmsy/b/n --> OMS/pxsy/m/n on input line 77.
LaTeX Font Info:    Overwriting symbol font `symbols' in version `bold'
(Font)                  OMS/pxsy/m/n --> OMS/pxsy/bx/n on input line 78.
LaTeX Font Info:    Redeclaring symbol font `AMSa' on input line 93.
LaTeX Font Info:    Overwriting symbol font `AMSa' in version `normal'
(Font)                  U/msa/m/n --> U/pxsya/m/n on input line 93.
LaTeX Font Info:    Overwriting symbol font `AMSa' in version `bold'
(Font)                  U/msa/m/n --> U/pxsya/m/n on input line 93.
LaTeX Font Info:    Overwriting symbol font `AMSa' in version `bold'
(Font)                  U/pxsya/m/n --> U/pxsya/bx/n on input line 94.
LaTeX Font Info:    Redeclaring symbol font `AMSb' on input line 102.
LaTeX Font Info:    Overwriting symbol font `AMSb' in version `normal'
(Font)                  U/msb/m/n --> U/pxsyb/m/n on input line 102.
LaTeX Font Info:    Overwriting symbol font `AMSb' in version `bold'
(Font)                  U/msb/m/n --> U/pxsyb/m/n on input line 102.
LaTeX Font Info:    Overwriting symbol font `AMSb' in version `bold'
(Font)                  U/pxsyb/m/n --> U/pxsyb/bx/n on input line 103.
\symsymbolsC=\mathgroup8
LaTeX Font Info:    Overwriting symbol font `symbolsC' in version `bold'
(Font)                  U/pxsyc/m/n --> U/pxsyc/bx/n on input line 113.
LaTeX Font Info:    Redeclaring symbol font `largesymbols' on input line 120.
LaTeX Font Info:    Overwriting symbol font `largesymbols' in version `normal'
(Font)                  OMX/cmex/m/n --> OMX/pxex/m/n on input line 120.
LaTeX Font Info:    Overwriting symbol font `largesymbols' in version `bold'
(Font)                  OMX/cmex/m/n --> OMX/pxex/m/n on input line 120.
LaTeX Font Info:    Overwriting symbol font `largesymbols' in version `bold'
(Font)                  OMX/pxex/m/n --> OMX/pxex/bx/n on input line 121.
\symlargesymbolsA=\mathgroup9
LaTeX Font Info:    Overwriting symbol font `largesymbolsA' in version `bold'
(Font)                  U/pxexa/m/n --> U/pxexa/bx/n on input line 129.
LaTeX Font Info:    Redeclaring math symbol \mathsterling on input line 164.
LaTeX Info: Redefining \not on input line 997.
LaTeX Info: Redefining \textsquare on input line 1017.
LaTeX Info: Redefining \openbox on input line 1018.
)
(C:\Users\Rohan Mukherjee\AppData\Local\Programs\MiKTeX\tex/latex/mathtools\mat
htools.sty
Package: mathtools 2022/06/29 v1.29 mathematical typesetting tools

(C:\Users\Rohan Mukherjee\AppData\Local\Programs\MiKTeX\tex/latex/tools\calc.st
y
Package: calc 2017/05/25 v4.3 Infix arithmetic (KKT,FJ)
\calc@Acount=\count287
\calc@Bcount=\count288
\calc@Adimen=\dimen167
\calc@Bdimen=\dimen168
\calc@Askip=\skip59
\calc@Bskip=\skip60
LaTeX Info: Redefining \setlength on input line 80.
LaTeX Info: Redefining \addtolength on input line 81.
\calc@Ccount=\count289
\calc@Cskip=\skip61
)
(C:\Users\Rohan Mukherjee\AppData\Local\Programs\MiKTeX\tex/latex/mathtools\mhs
etup.sty
Package: mhsetup 2021/03/18 v1.4 programming setup (MH)
)
\g_MT_multlinerow_int=\count290
\l_MT_multwidth_dim=\dimen169
\origjot=\skip62
\l_MT_shortvdotswithinadjustabove_dim=\dimen170
\l_MT_shortvdotswithinadjustbelow_dim=\dimen171
\l_MT_above_intertext_sep=\dimen172
\l_MT_below_intertext_sep=\dimen173
\l_MT_above_shortintertext_sep=\dimen174
\l_MT_below_shortintertext_sep=\dimen175
\xmathstrut@box=\box55
\xmathstrut@dim=\dimen176
)
(C:\Users\Rohan Mukherjee\AppData\Local\Programs\MiKTeX\tex/latex/jknappen\math
rsfs.sty
Package: mathrsfs 1996/01/01 Math RSFS package v1.0 (jk)
\symrsfs=\mathgroup10
)
(C:\Users\Rohan Mukherjee\AppData\Local\Programs\MiKTeX\tex/latex/doublestroke\
dsfont.sty
Package: dsfont 1995/08/01 v0.1 Double stroke roman fonts
)
(C:\Users\Rohan Mukherjee\AppData\Local\Programs\MiKTeX\tex/latex/l3packages/xp
arse\xparse.sty
(C:\Users\Rohan Mukherjee\AppData\Local\Programs\MiKTeX\tex/latex/l3kernel\expl
3.sty
Package: expl3 2022-09-28 L3 programming layer (loader) 

(C:\Users\Rohan Mukherjee\AppData\Local\Programs\MiKTeX\tex/latex/l3backend\l3b
ackend-pdftex.def
File: l3backend-pdftex.def 2022-09-28 L3 backend support: PDF output (pdfTeX)
\l__color_backend_stack_int=\count291
\l__pdf_internal_box=\box56
))
Package: xparse 2022-06-22 L3 Experimental document command parser
)
(C:\Users\Rohan Mukherjee\AppData\Local\Programs\MiKTeX\tex/latex/cancel\cancel
.sty
Package: cancel 2013/04/12 v2.2 Cancel math terms
)
(C:\Users\Rohan Mukherjee\AppData\Local\Programs\MiKTeX\tex/latex/base\textcomp
.sty
Package: textcomp 2020/02/02 v2.0n Standard LaTeX package
)
(C:\Users\Rohan Mukherjee\AppData\Local\Programs\MiKTeX\tex/latex/amsfonts\eusc
ript.sty
Package: euscript 2009/06/22 v3.00 Euler Script fonts
LaTeX Font Info:    Overwriting math alphabet `\EuScript' in version `bold'
(Font)                  U/eus/m/n --> U/eus/b/n on input line 33.
)
(C:\Users\Rohan Mukherjee\AppData\Local\Programs\MiKTeX\tex/latex/wasysym\wasys
ym.sty
Package: wasysym 2020/01/19 v2.4 Wasy-2 symbol support package
\symwasy=\mathgroup11
LaTeX Font Info:    Overwriting symbol font `wasy' in version `bold'
(Font)                  U/wasy/m/n --> U/wasy/b/n on input line 93.
)
(C:\Users\Rohan Mukherjee\AppData\Local\Programs\MiKTeX\tex/latex/apacite\apaci
te.sty
Package: apacite 2013/07/21 v6.03 APA citation
\c@BibCnt=\count292
\bibleftmargin=\skip63
\bibindent=\skip64
\bibparsep=\skip65
\bibitemsep=\skip66
\biblabelsep=\skip67
)
(C:\Users\Rohan Mukherjee\AppData\Local\Programs\MiKTeX\tex/latex/physics\physi
cs.sty
Package: physics 
)
(C:\Users\Rohan Mukherjee\AppData\Local\Programs\MiKTeX\tex/latex/tikz-cd\tikz-
cd.sty
Package: tikz-cd 2021/05/04 v1.0 Commutative diagrams with TikZ

(C:\Users\Rohan Mukherjee\AppData\Local\Programs\MiKTeX\tex/latex/pgf/frontendl
ayer\tikz.sty
(C:\Users\Rohan Mukherjee\AppData\Local\Programs\MiKTeX\tex/latex/pgf/basiclaye
r\pgf.sty
(C:\Users\Rohan Mukherjee\AppData\Local\Programs\MiKTeX\tex/latex/pgf/utilities
\pgfrcs.sty
(C:\Users\Rohan Mukherjee\AppData\Local\Programs\MiKTeX\tex/generic/pgf/utiliti
es\pgfutil-common.tex
\pgfutil@everybye=\toks37
\pgfutil@tempdima=\dimen177
\pgfutil@tempdimb=\dimen178

(C:\Users\Rohan Mukherjee\AppData\Local\Programs\MiKTeX\tex/generic/pgf/utiliti
es\pgfutil-common-lists.tex))
(C:\Users\Rohan Mukherjee\AppData\Local\Programs\MiKTeX\tex/generic/pgf/utiliti
es\pgfutil-latex.def
\pgfutil@abb=\box57
)
(C:\Users\Rohan Mukherjee\AppData\Local\Programs\MiKTeX\tex/generic/pgf/utiliti
es\pgfrcs.code.tex
(C:\Users\Rohan Mukherjee\AppData\Local\Programs\MiKTeX\tex/generic/pgf\pgf.rev
ision.tex)
Package: pgfrcs 2021/05/15 v3.1.9a (3.1.9a)
))
Package: pgf 2021/05/15 v3.1.9a (3.1.9a)

(C:\Users\Rohan Mukherjee\AppData\Local\Programs\MiKTeX\tex/latex/pgf/basiclaye
r\pgfcore.sty
(C:\Users\Rohan Mukherjee\AppData\Local\Programs\MiKTeX\tex/latex/graphics\grap
hicx.sty
Package: graphicx 2021/09/16 v1.2d Enhanced LaTeX Graphics (DPC,SPQR)

(C:\Users\Rohan Mukherjee\AppData\Local\Programs\MiKTeX\tex/latex/graphics\grap
hics.sty
Package: graphics 2022/03/10 v1.4e Standard LaTeX Graphics (DPC,SPQR)

(C:\Users\Rohan Mukherjee\AppData\Local\Programs\MiKTeX\tex/latex/graphics\trig
.sty
Package: trig 2021/08/11 v1.11 sin cos tan (DPC)
)
(C:\Users\Rohan Mukherjee\AppData\Local\Programs\MiKTeX\tex/latex/graphics-cfg\
graphics.cfg
File: graphics.cfg 2016/06/04 v1.11 sample graphics configuration
)
Package graphics Info: Driver file: pdftex.def on input line 107.
)
\Gin@req@height=\dimen179
\Gin@req@width=\dimen180
)
(C:\Users\Rohan Mukherjee\AppData\Local\Programs\MiKTeX\tex/latex/pgf/systemlay
er\pgfsys.sty
(C:\Users\Rohan Mukherjee\AppData\Local\Programs\MiKTeX\tex/generic/pgf/systeml
ayer\pgfsys.code.tex
Package: pgfsys 2021/05/15 v3.1.9a (3.1.9a)

(C:\Users\Rohan Mukherjee\AppData\Local\Programs\MiKTeX\tex/generic/pgf/utiliti
es\pgfkeys.code.tex
\pgfkeys@pathtoks=\toks38
\pgfkeys@temptoks=\toks39

(C:\Users\Rohan Mukherjee\AppData\Local\Programs\MiKTeX\tex/generic/pgf/utiliti
es\pgfkeysfiltered.code.tex
\pgfkeys@tmptoks=\toks40
))
\pgf@x=\dimen181
\pgf@y=\dimen182
\pgf@xa=\dimen183
\pgf@ya=\dimen184
\pgf@xb=\dimen185
\pgf@yb=\dimen186
\pgf@xc=\dimen187
\pgf@yc=\dimen188
\pgf@xd=\dimen189
\pgf@yd=\dimen190
\w@pgf@writea=\write3
\r@pgf@reada=\read2
\c@pgf@counta=\count293
\c@pgf@countb=\count294
\c@pgf@countc=\count295
\c@pgf@countd=\count296
\t@pgf@toka=\toks41
\t@pgf@tokb=\toks42
\t@pgf@tokc=\toks43
\pgf@sys@id@count=\count297

(C:\Users\Rohan Mukherjee\AppData\Local\Programs\MiKTeX\tex/generic/pgf/systeml
ayer\pgf.cfg
File: pgf.cfg 2021/05/15 v3.1.9a (3.1.9a)
)
Driver file for pgf: pgfsys-pdftex.def

(C:\Users\Rohan Mukherjee\AppData\Local\Programs\MiKTeX\tex/generic/pgf/systeml
ayer\pgfsys-pdftex.def
File: pgfsys-pdftex.def 2021/05/15 v3.1.9a (3.1.9a)

(C:\Users\Rohan Mukherjee\AppData\Local\Programs\MiKTeX\tex/generic/pgf/systeml
ayer\pgfsys-common-pdf.def
File: pgfsys-common-pdf.def 2021/05/15 v3.1.9a (3.1.9a)
)))
(C:\Users\Rohan Mukherjee\AppData\Local\Programs\MiKTeX\tex/generic/pgf/systeml
ayer\pgfsyssoftpath.code.tex
File: pgfsyssoftpath.code.tex 2021/05/15 v3.1.9a (3.1.9a)
\pgfsyssoftpath@smallbuffer@items=\count298
\pgfsyssoftpath@bigbuffer@items=\count299
)
(C:\Users\Rohan Mukherjee\AppData\Local\Programs\MiKTeX\tex/generic/pgf/systeml
ayer\pgfsysprotocol.code.tex
File: pgfsysprotocol.code.tex 2021/05/15 v3.1.9a (3.1.9a)
))
(C:\Users\Rohan Mukherjee\AppData\Local\Programs\MiKTeX\tex/generic/pgf/basicla
yer\pgfcore.code.tex
Package: pgfcore 2021/05/15 v3.1.9a (3.1.9a)

(C:\Users\Rohan Mukherjee\AppData\Local\Programs\MiKTeX\tex/generic/pgf/math\pg
fmath.code.tex
(C:\Users\Rohan Mukherjee\AppData\Local\Programs\MiKTeX\tex/generic/pgf/math\pg
fmathcalc.code.tex
(C:\Users\Rohan Mukherjee\AppData\Local\Programs\MiKTeX\tex/generic/pgf/math\pg
fmathutil.code.tex)
(C:\Users\Rohan Mukherjee\AppData\Local\Programs\MiKTeX\tex/generic/pgf/math\pg
fmathparser.code.tex
\pgfmath@dimen=\dimen191
\pgfmath@count=\count300
\pgfmath@box=\box58
\pgfmath@toks=\toks44
\pgfmath@stack@operand=\toks45
\pgfmath@stack@operation=\toks46
)
(C:\Users\Rohan Mukherjee\AppData\Local\Programs\MiKTeX\tex/generic/pgf/math\pg
fmathfunctions.code.tex
(C:\Users\Rohan Mukherjee\AppData\Local\Programs\MiKTeX\tex/generic/pgf/math\pg
fmathfunctions.basic.code.tex)
(C:\Users\Rohan Mukherjee\AppData\Local\Programs\MiKTeX\tex/generic/pgf/math\pg
fmathfunctions.trigonometric.code.tex)
(C:\Users\Rohan Mukherjee\AppData\Local\Programs\MiKTeX\tex/generic/pgf/math\pg
fmathfunctions.random.code.tex)
(C:\Users\Rohan Mukherjee\AppData\Local\Programs\MiKTeX\tex/generic/pgf/math\pg
fmathfunctions.comparison.code.tex)
(C:\Users\Rohan Mukherjee\AppData\Local\Programs\MiKTeX\tex/generic/pgf/math\pg
fmathfunctions.base.code.tex)
(C:\Users\Rohan Mukherjee\AppData\Local\Programs\MiKTeX\tex/generic/pgf/math\pg
fmathfunctions.round.code.tex)
(C:\Users\Rohan Mukherjee\AppData\Local\Programs\MiKTeX\tex/generic/pgf/math\pg
fmathfunctions.misc.code.tex)
(C:\Users\Rohan Mukherjee\AppData\Local\Programs\MiKTeX\tex/generic/pgf/math\pg
fmathfunctions.integerarithmetics.code.tex)))
(C:\Users\Rohan Mukherjee\AppData\Local\Programs\MiKTeX\tex/generic/pgf/math\pg
fmathfloat.code.tex
\c@pgfmathroundto@lastzeros=\count301
))
(C:\Users\Rohan Mukherjee\AppData\Local\Programs\MiKTeX\tex/generic/pgf/math\pg
fint.code.tex)
(C:\Users\Rohan Mukherjee\AppData\Local\Programs\MiKTeX\tex/generic/pgf/basicla
yer\pgfcorepoints.code.tex
File: pgfcorepoints.code.tex 2021/05/15 v3.1.9a (3.1.9a)
\pgf@picminx=\dimen192
\pgf@picmaxx=\dimen193
\pgf@picminy=\dimen194
\pgf@picmaxy=\dimen195
\pgf@pathminx=\dimen196
\pgf@pathmaxx=\dimen197
\pgf@pathminy=\dimen198
\pgf@pathmaxy=\dimen199
\pgf@xx=\dimen256
\pgf@xy=\dimen257
\pgf@yx=\dimen258
\pgf@yy=\dimen259
\pgf@zx=\dimen260
\pgf@zy=\dimen261
)
(C:\Users\Rohan Mukherjee\AppData\Local\Programs\MiKTeX\tex/generic/pgf/basicla
yer\pgfcorepathconstruct.code.tex
File: pgfcorepathconstruct.code.tex 2021/05/15 v3.1.9a (3.1.9a)
\pgf@path@lastx=\dimen262
\pgf@path@lasty=\dimen263
)
(C:\Users\Rohan Mukherjee\AppData\Local\Programs\MiKTeX\tex/generic/pgf/basicla
yer\pgfcorepathusage.code.tex
File: pgfcorepathusage.code.tex 2021/05/15 v3.1.9a (3.1.9a)
\pgf@shorten@end@additional=\dimen264
\pgf@shorten@start@additional=\dimen265
)
(C:\Users\Rohan Mukherjee\AppData\Local\Programs\MiKTeX\tex/generic/pgf/basicla
yer\pgfcorescopes.code.tex
File: pgfcorescopes.code.tex 2021/05/15 v3.1.9a (3.1.9a)
\pgfpic=\box59
\pgf@hbox=\box60
\pgf@layerbox@main=\box61
\pgf@picture@serial@count=\count302
)
(C:\Users\Rohan Mukherjee\AppData\Local\Programs\MiKTeX\tex/generic/pgf/basicla
yer\pgfcoregraphicstate.code.tex
File: pgfcoregraphicstate.code.tex 2021/05/15 v3.1.9a (3.1.9a)
\pgflinewidth=\dimen266
)
(C:\Users\Rohan Mukherjee\AppData\Local\Programs\MiKTeX\tex/generic/pgf/basicla
yer\pgfcoretransformations.code.tex
File: pgfcoretransformations.code.tex 2021/05/15 v3.1.9a (3.1.9a)
\pgf@pt@x=\dimen267
\pgf@pt@y=\dimen268
\pgf@pt@temp=\dimen269
)
(C:\Users\Rohan Mukherjee\AppData\Local\Programs\MiKTeX\tex/generic/pgf/basicla
yer\pgfcorequick.code.tex
File: pgfcorequick.code.tex 2021/05/15 v3.1.9a (3.1.9a)
)
(C:\Users\Rohan Mukherjee\AppData\Local\Programs\MiKTeX\tex/generic/pgf/basicla
yer\pgfcoreobjects.code.tex
File: pgfcoreobjects.code.tex 2021/05/15 v3.1.9a (3.1.9a)
)
(C:\Users\Rohan Mukherjee\AppData\Local\Programs\MiKTeX\tex/generic/pgf/basicla
yer\pgfcorepathprocessing.code.tex
File: pgfcorepathprocessing.code.tex 2021/05/15 v3.1.9a (3.1.9a)
)
(C:\Users\Rohan Mukherjee\AppData\Local\Programs\MiKTeX\tex/generic/pgf/basicla
yer\pgfcorearrows.code.tex
File: pgfcorearrows.code.tex 2021/05/15 v3.1.9a (3.1.9a)
\pgfarrowsep=\dimen270
)
(C:\Users\Rohan Mukherjee\AppData\Local\Programs\MiKTeX\tex/generic/pgf/basicla
yer\pgfcoreshade.code.tex
File: pgfcoreshade.code.tex 2021/05/15 v3.1.9a (3.1.9a)
\pgf@max=\dimen271
\pgf@sys@shading@range@num=\count303
\pgf@shadingcount=\count304
)
(C:\Users\Rohan Mukherjee\AppData\Local\Programs\MiKTeX\tex/generic/pgf/basicla
yer\pgfcoreimage.code.tex
File: pgfcoreimage.code.tex 2021/05/15 v3.1.9a (3.1.9a)

(C:\Users\Rohan Mukherjee\AppData\Local\Programs\MiKTeX\tex/generic/pgf/basicla
yer\pgfcoreexternal.code.tex
File: pgfcoreexternal.code.tex 2021/05/15 v3.1.9a (3.1.9a)
\pgfexternal@startupbox=\box62
))
(C:\Users\Rohan Mukherjee\AppData\Local\Programs\MiKTeX\tex/generic/pgf/basicla
yer\pgfcorelayers.code.tex
File: pgfcorelayers.code.tex 2021/05/15 v3.1.9a (3.1.9a)
)
(C:\Users\Rohan Mukherjee\AppData\Local\Programs\MiKTeX\tex/generic/pgf/basicla
yer\pgfcoretransparency.code.tex
File: pgfcoretransparency.code.tex 2021/05/15 v3.1.9a (3.1.9a)
)
(C:\Users\Rohan Mukherjee\AppData\Local\Programs\MiKTeX\tex/generic/pgf/basicla
yer\pgfcorepatterns.code.tex
File: pgfcorepatterns.code.tex 2021/05/15 v3.1.9a (3.1.9a)
)
(C:\Users\Rohan Mukherjee\AppData\Local\Programs\MiKTeX\tex/generic/pgf/basicla
yer\pgfcorerdf.code.tex
File: pgfcorerdf.code.tex 2021/05/15 v3.1.9a (3.1.9a)
)))
(C:\Users\Rohan Mukherjee\AppData\Local\Programs\MiKTeX\tex/generic/pgf/modules
\pgfmoduleshapes.code.tex
File: pgfmoduleshapes.code.tex 2021/05/15 v3.1.9a (3.1.9a)
\pgfnodeparttextbox=\box63
)
(C:\Users\Rohan Mukherjee\AppData\Local\Programs\MiKTeX\tex/generic/pgf/modules
\pgfmoduleplot.code.tex
File: pgfmoduleplot.code.tex 2021/05/15 v3.1.9a (3.1.9a)
)
(C:\Users\Rohan Mukherjee\AppData\Local\Programs\MiKTeX\tex/latex/pgf/compatibi
lity\pgfcomp-version-0-65.sty
Package: pgfcomp-version-0-65 2021/05/15 v3.1.9a (3.1.9a)
\pgf@nodesepstart=\dimen272
\pgf@nodesepend=\dimen273
)
(C:\Users\Rohan Mukherjee\AppData\Local\Programs\MiKTeX\tex/latex/pgf/compatibi
lity\pgfcomp-version-1-18.sty
Package: pgfcomp-version-1-18 2021/05/15 v3.1.9a (3.1.9a)
))
(C:\Users\Rohan Mukherjee\AppData\Local\Programs\MiKTeX\tex/latex/pgf/utilities
\pgffor.sty
(C:\Users\Rohan Mukherjee\AppData\Local\Programs\MiKTeX\tex/latex/pgf/utilities
\pgfkeys.sty
(C:\Users\Rohan Mukherjee\AppData\Local\Programs\MiKTeX\tex/generic/pgf/utiliti
es\pgfkeys.code.tex))
(C:\Users\Rohan Mukherjee\AppData\Local\Programs\MiKTeX\tex/latex/pgf/math\pgfm
ath.sty
(C:\Users\Rohan Mukherjee\AppData\Local\Programs\MiKTeX\tex/generic/pgf/math\pg
fmath.code.tex))
(C:\Users\Rohan Mukherjee\AppData\Local\Programs\MiKTeX\tex/generic/pgf/utiliti
es\pgffor.code.tex
Package: pgffor 2021/05/15 v3.1.9a (3.1.9a)

(C:\Users\Rohan Mukherjee\AppData\Local\Programs\MiKTeX\tex/generic/pgf/math\pg
fmath.code.tex)
\pgffor@iter=\dimen274
\pgffor@skip=\dimen275
\pgffor@stack=\toks47
\pgffor@toks=\toks48
))
(C:\Users\Rohan Mukherjee\AppData\Local\Programs\MiKTeX\tex/generic/pgf/fronten
dlayer/tikz\tikz.code.tex
Package: tikz 2021/05/15 v3.1.9a (3.1.9a)

(C:\Users\Rohan Mukherjee\AppData\Local\Programs\MiKTeX\tex/generic/pgf/librari
es\pgflibraryplothandlers.code.tex
File: pgflibraryplothandlers.code.tex 2021/05/15 v3.1.9a (3.1.9a)
\pgf@plot@mark@count=\count305
\pgfplotmarksize=\dimen276
)
\tikz@lastx=\dimen277
\tikz@lasty=\dimen278
\tikz@lastxsaved=\dimen279
\tikz@lastysaved=\dimen280
\tikz@lastmovetox=\dimen281
\tikz@lastmovetoy=\dimen282
\tikzleveldistance=\dimen283
\tikzsiblingdistance=\dimen284
\tikz@figbox=\box64
\tikz@figbox@bg=\box65
\tikz@tempbox=\box66
\tikz@tempbox@bg=\box67
\tikztreelevel=\count306
\tikznumberofchildren=\count307
\tikznumberofcurrentchild=\count308
\tikz@fig@count=\count309

(C:\Users\Rohan Mukherjee\AppData\Local\Programs\MiKTeX\tex/generic/pgf/modules
\pgfmodulematrix.code.tex
File: pgfmodulematrix.code.tex 2021/05/15 v3.1.9a (3.1.9a)
\pgfmatrixcurrentrow=\count310
\pgfmatrixcurrentcolumn=\count311
\pgf@matrix@numberofcolumns=\count312
)
\tikz@expandcount=\count313

(C:\Users\Rohan Mukherjee\AppData\Local\Programs\MiKTeX\tex/generic/pgf/fronten
dlayer/tikz/libraries\tikzlibrarytopaths.code.tex
File: tikzlibrarytopaths.code.tex 2021/05/15 v3.1.9a (3.1.9a)
)))
(C:\Users\Rohan Mukherjee\AppData\Local\Programs\MiKTeX\tex/latex/tikz-cd\tikzl
ibrarycd.code.tex
(C:\Users\Rohan Mukherjee\AppData\Local\Programs\MiKTeX\tex/generic/pgf/fronten
dlayer/tikz/libraries\tikzlibrarymatrix.code.tex
File: tikzlibrarymatrix.code.tex 2021/05/15 v3.1.9a (3.1.9a)
)
(C:\Users\Rohan Mukherjee\AppData\Local\Programs\MiKTeX\tex/generic/pgf/fronten
dlayer/tikz/libraries\tikzlibraryquotes.code.tex
File: tikzlibraryquotes.code.tex 2021/05/15 v3.1.9a (3.1.9a)
)
(C:\Users\Rohan Mukherjee\AppData\Local\Programs\MiKTeX\tex/generic/pgf/librari
es\pgflibraryarrows.meta.code.tex
File: pgflibraryarrows.meta.code.tex 2021/05/15 v3.1.9a (3.1.9a)
\pgfarrowinset=\dimen285
\pgfarrowlength=\dimen286
\pgfarrowwidth=\dimen287
\pgfarrowlinewidth=\dimen288
)))
(C:\Users\Rohan Mukherjee\AppData\Local\Programs\MiKTeX\tex/latex/microtype\mic
rotype.sty
Package: microtype 2022/06/23 v3.0f Micro-typographical refinements (RS)

(C:\Users\Rohan Mukherjee\AppData\Local\Programs\MiKTeX\tex/latex/etoolbox\etoo
lbox.sty
Package: etoolbox 2020/10/05 v2.5k e-TeX tools for LaTeX (JAW)
\etb@tempcnta=\count314
)
\MT@toks=\toks49
\MT@tempbox=\box68
\MT@count=\count315
LaTeX Info: Redefining \noprotrusionifhmode on input line 1045.
LaTeX Info: Redefining \leftprotrusion on input line 1046.
LaTeX Info: Redefining \rightprotrusion on input line 1056.
LaTeX Info: Redefining \textls on input line 1234.
\MT@outer@kern=\dimen289
LaTeX Info: Redefining \textmicrotypecontext on input line 1858.
\MT@listname@count=\count316

(C:\Users\Rohan Mukherjee\AppData\Local\Programs\MiKTeX\tex/latex/microtype\mic
rotype-pdftex.def
File: microtype-pdftex.def 2022/06/23 v3.0f Definitions specific to pdftex (RS)

LaTeX Info: Redefining \lsstyle on input line 900.
LaTeX Info: Redefining \lslig on input line 900.
\MT@outer@space=\skip68
)
Package microtype Info: Loading configuration file microtype.cfg.

(C:\Users\Rohan Mukherjee\AppData\Local\Programs\MiKTeX\tex/latex/microtype\mic
rotype.cfg
File: microtype.cfg 2022/06/23 v3.0f microtype main configuration file (RS)
))
(C:\Users\Rohan Mukherjee\AppData\Local\Programs\MiKTeX\tex/latex/enumitem\enum
item.sty
Package: enumitem 2019/06/20 v3.9 Customized lists
\labelindent=\skip69
\enit@outerparindent=\dimen290
\enit@toks=\toks50
\enit@inbox=\box69
\enit@count@id=\count317
\enitdp@description=\count318
)
(C:\Users\Rohan Mukherjee\AppData\Local\Programs\MiKTeX\tex/latex/titling\titli
ng.sty
Package: titling 2009/09/04 v2.1d maketitle typesetting
\thanksmarkwidth=\skip70
\thanksmargin=\skip71
\droptitle=\skip72
)
(C:\Users\Rohan Mukherjee\AppData\Local\Programs\MiKTeX\tex/latex/mdframed\mdfr
amed.sty
Package: mdframed 2013/07/01 1.9b: mdframed

(C:\Users\Rohan Mukherjee\AppData\Local\Programs\MiKTeX\tex/latex/zref\zref-abs
page.sty
Package: zref-abspage 2022-04-07 v2.34 Module abspage for zref (HO)

(C:\Users\Rohan Mukherjee\AppData\Local\Programs\MiKTeX\tex/latex/zref\zref-bas
e.sty
Package: zref-base 2022-04-07 v2.34 Module base for zref (HO)
Package zref Info: New property list: main on input line 767.
Package zref Info: New property: default on input line 768.
Package zref Info: New property: page on input line 769.
)
\c@abspage=\count319
Package zref Info: New property: abspage on input line 65.
)
(C:\Users\Rohan Mukherjee\AppData\Local\Programs\MiKTeX\tex/latex/needspace\nee
dspace.sty
Package: needspace 2010/09/12 v1.3d reserve vertical space
)
\mdf@templength=\skip73
\c@mdf@globalstyle@cnt=\count320
\mdf@skipabove@length=\skip74
\mdf@skipbelow@length=\skip75
\mdf@leftmargin@length=\skip76
\mdf@rightmargin@length=\skip77
\mdf@innerleftmargin@length=\skip78
\mdf@innerrightmargin@length=\skip79
\mdf@innertopmargin@length=\skip80
\mdf@innerbottommargin@length=\skip81
\mdf@splittopskip@length=\skip82
\mdf@splitbottomskip@length=\skip83
\mdf@outermargin@length=\skip84
\mdf@innermargin@length=\skip85
\mdf@linewidth@length=\skip86
\mdf@innerlinewidth@length=\skip87
\mdf@middlelinewidth@length=\skip88
\mdf@outerlinewidth@length=\skip89
\mdf@roundcorner@length=\skip90
\mdf@footenotedistance@length=\skip91
\mdf@userdefinedwidth@length=\skip92
\mdf@needspace@length=\skip93
\mdf@frametitleaboveskip@length=\skip94
\mdf@frametitlebelowskip@length=\skip95
\mdf@frametitlerulewidth@length=\skip96
\mdf@frametitleleftmargin@length=\skip97
\mdf@frametitlerightmargin@length=\skip98
\mdf@shadowsize@length=\skip99
\mdf@extratopheight@length=\skip100
\mdf@subtitleabovelinewidth@length=\skip101
\mdf@subtitlebelowlinewidth@length=\skip102
\mdf@subtitleaboveskip@length=\skip103
\mdf@subtitlebelowskip@length=\skip104
\mdf@subtitleinneraboveskip@length=\skip105
\mdf@subtitleinnerbelowskip@length=\skip106
\mdf@subsubtitleabovelinewidth@length=\skip107
\mdf@subsubtitlebelowlinewidth@length=\skip108
\mdf@subsubtitleaboveskip@length=\skip109
\mdf@subsubtitlebelowskip@length=\skip110
\mdf@subsubtitleinneraboveskip@length=\skip111
\mdf@subsubtitleinnerbelowskip@length=\skip112

(C:\Users\Rohan Mukherjee\AppData\Local\Programs\MiKTeX\tex/latex/mdframed\md-f
rame-0.mdf
File: md-frame-0.mdf 2013/07/01\ 1.9b: md-frame-0
)
\mdf@frametitlebox=\box70
\mdf@footnotebox=\box71
\mdf@splitbox@one=\box72
\mdf@splitbox@two=\box73
\mdf@splitbox@save=\box74
\mdfsplitboxwidth=\skip113
\mdfsplitboxtotalwidth=\skip114
\mdfsplitboxheight=\skip115
\mdfsplitboxdepth=\skip116
\mdfsplitboxtotalheight=\skip117
\mdfframetitleboxwidth=\skip118
\mdfframetitleboxtotalwidth=\skip119
\mdfframetitleboxheight=\skip120
\mdfframetitleboxdepth=\skip121
\mdfframetitleboxtotalheight=\skip122
\mdffootnoteboxwidth=\skip123
\mdffootnoteboxtotalwidth=\skip124
\mdffootnoteboxheight=\skip125
\mdffootnoteboxdepth=\skip126
\mdffootnoteboxtotalheight=\skip127
\mdftotallinewidth=\skip128
\mdfboundingboxwidth=\skip129
\mdfboundingboxtotalwidth=\skip130
\mdfboundingboxheight=\skip131
\mdfboundingboxdepth=\skip132
\mdfboundingboxtotalheight=\skip133
\mdf@freevspace@length=\skip134
\mdf@horizontalwidthofbox@length=\skip135
\mdf@verticalmarginwhole@length=\skip136
\mdf@horizontalspaceofbox=\skip137
\mdfsubtitleheight=\skip138
\mdfsubsubtitleheight=\skip139
\c@mdfcountframes=\count321

****** mdframed patching \endmdf@trivlist

****** -- success******

\mdf@envdepth=\count322
\c@mdf@env@i=\count323
\c@mdf@env@ii=\count324
\c@mdf@zref@counter=\count325
Package zref Info: New property: mdf@pagevalue on input line 895.
)
\c@mytheorem=\count326
\c@corollary=\count327
\c@lemma=\count328
\c@mydef=\count329
LaTeX Font Info:    Trying to load font information for OT1+pxr on input line 1
50.

(C:\Users\Rohan Mukherjee\AppData\Local\Programs\MiKTeX\tex/latex/pxfonts\ot1px
r.fd
File: ot1pxr.fd 2000/12/14 v1.0
) (HW7.aux)
\openout1 = `HW7.aux'.

LaTeX Font Info:    Checking defaults for OML/pxmi/m/it on input line 150.
LaTeX Font Info:    Trying to load font information for OML+pxmi on input line 
150.

(C:\Users\Rohan Mukherjee\AppData\Local\Programs\MiKTeX\tex/latex/pxfonts\omlpx
mi.fd
File: omlpxmi.fd 2000/12/14 v1.0
)
LaTeX Font Info:    ... okay on input line 150.
LaTeX Font Info:    Checking defaults for OMS/pxsy/m/n on input line 150.
LaTeX Font Info:    Trying to load font information for OMS+pxsy on input line 
150.

(C:\Users\Rohan Mukherjee\AppData\Local\Programs\MiKTeX\tex/latex/pxfonts\omspx
sy.fd
File: omspxsy.fd 2000/12/14 v1.0
)
LaTeX Font Info:    ... okay on input line 150.
LaTeX Font Info:    Checking defaults for OT1/cmr/m/n on input line 150.
LaTeX Font Info:    ... okay on input line 150.
LaTeX Font Info:    Checking defaults for T1/cmr/m/n on input line 150.
LaTeX Font Info:    ... okay on input line 150.
LaTeX Font Info:    Checking defaults for TS1/cmr/m/n on input line 150.
LaTeX Font Info:    ... okay on input line 150.
LaTeX Font Info:    Checking defaults for OMX/pxex/m/n on input line 150.
LaTeX Font Info:    Trying to load font information for OMX+pxex on input line 
150.

(C:\Users\Rohan Mukherjee\AppData\Local\Programs\MiKTeX\tex/latex/pxfonts\omxpx
ex.fd
File: omxpxex.fd 2000/12/14 v1.0
)
LaTeX Font Info:    ... okay on input line 150.
LaTeX Font Info:    Checking defaults for U/pxexa/m/n on input line 150.
LaTeX Font Info:    Trying to load font information for U+pxexa on input line 1
50.

(C:\Users\Rohan Mukherjee\AppData\Local\Programs\MiKTeX\tex/latex/pxfonts\upxex
a.fd
File: upxexa.fd 2000/12/14 v1.0
)
LaTeX Font Info:    ... okay on input line 150.
LaTeX Font Info:    Checking defaults for PD1/pdf/m/n on input line 150.
LaTeX Font Info:    ... okay on input line 150.
LaTeX Font Info:    Checking defaults for PU/pdf/m/n on input line 150.
LaTeX Font Info:    ... okay on input line 150.

*geometry* driver: auto-detecting
*geometry* detected driver: pdftex
*geometry* verbose mode - [ preamble ] result:
* driver: pdftex
* paper: <default>
* layout: <same size as paper>
* layoutoffset:(h,v)=(0.0pt,0.0pt)
* modes: 
* h-part:(L,W,R)=(72.26999pt, 469.75502pt, 72.26999pt)
* v-part:(T,H,B)=(72.26999pt, 650.43001pt, 72.26999pt)
* \paperwidth=614.295pt
* \paperheight=794.96999pt
* \textwidth=469.75502pt
* \textheight=650.43001pt
* \oddsidemargin=0.0pt
* \evensidemargin=0.0pt
* \topmargin=-37.0pt
* \headheight=12.0pt
* \headsep=25.0pt
* \topskip=12.0pt
* \footskip=30.0pt
* \marginparwidth=44.0pt
* \marginparsep=10.0pt
* \columnsep=10.0pt
* \skip\footins=10.8pt plus 4.0pt minus 2.0pt
* \hoffset=0.0pt
* \voffset=0.0pt
* \mag=1000
* \@twocolumnfalse
* \@twosidefalse
* \@mparswitchfalse
* \@reversemarginfalse
* (1in=72.27pt=25.4mm, 1cm=28.453pt)


(C:\Users\Rohan Mukherjee\AppData\Local\Programs\MiKTeX\tex/latex/ucs\ucsencs.d
ef
File: ucsencs.def 2011/01/21 Fixes to fontencodings LGR, T3
)
(C:\Users\Rohan Mukherjee\AppData\Local\Programs\MiKTeX\tex/context/base/mkii\s
upp-pdf.mkii
[Loading MPS to PDF converter (version 2006.09.02).]
\scratchcounter=\count330
\scratchdimen=\dimen291
\scratchbox=\box75
\nofMPsegments=\count331
\nofMParguments=\count332
\everyMPshowfont=\toks51
\MPscratchCnt=\count333
\MPscratchDim=\dimen292
\MPnumerator=\count334
\makeMPintoPDFobject=\count335
\everyMPtoPDFconversion=\toks52
)
(C:\Users\Rohan Mukherjee\AppData\Local\Programs\MiKTeX\tex/latex/epstopdf-pkg\
epstopdf-base.sty
Package: epstopdf-base 2020-01-24 v2.11 Base part for package epstopdf
Package epstopdf-base Info: Redefining graphics rule for `.eps' on input line 4
85.

(C:\Users\Rohan Mukherjee\AppData\Local\Programs\MiKTeX\tex/latex/00miktex\epst
opdf-sys.cfg
File: epstopdf-sys.cfg 2021/03/18 v2.0 Configuration of epstopdf for MiKTeX
))
Package hyperref Info: Link coloring ON on input line 150.
 (HW7.out) (HW7.out)
\@outlinefile=\write4
\openout4 = `HW7.out'.

\c@maskedRefs=\count336

(C:\Users\Rohan Mukherjee\AppData\Local\Programs\MiKTeX\tex/latex/apacite\engli
sh.apc
File: english.apc 2013/07/21 v6.03 apacite language file
LaTeX Info: Redefining \BPBI on input line 129.
LaTeX Info: Redefining \BHBI on input line 130.
)
LaTeX Info: Redefining \microtypecontext on input line 150.
Package microtype Info: Applying patch `item' on input line 150.
Package microtype Info: Applying patch `toc' on input line 150.
Package microtype Info: Applying patch `eqnum' on input line 150.
Package microtype Info: Applying patch `footnote' on input line 150.
Package microtype Info: Generating PDF output.
Package microtype Info: Character protrusion enabled (level 2).
Package microtype Info: Using default protrusion set `alltext'.
Package microtype Info: Automatic font expansion enabled (level 2),
(microtype)             stretch: 20, shrink: 20, step: 1, non-selected.
Package microtype Info: Using default expansion set `alltext-nott'.
LaTeX Info: Redefining \showhyphens on input line 150.
Package microtype Info: No adjustment of tracking.
Package microtype Info: No adjustment of interword spacing.
Package microtype Info: No adjustment of character kerning.

(C:\Users\Rohan Mukherjee\AppData\Local\Programs\MiKTeX\tex/latex/microtype\mt-
ppl.cfg
File: mt-ppl.cfg 2005/11/16 v1.6 microtype config. file: Palatino (RS)
)
LaTeX Font Info:    Trying to load font information for U+pxsya on input line 1
51.

(C:\Users\Rohan Mukherjee\AppData\Local\Programs\MiKTeX\tex/latex/pxfonts\upxsy
a.fd
File: upxsya.fd 2000/12/14 v1.0
)
LaTeX Font Info:    Trying to load font information for U+pxsyb on input line 1
51.

(C:\Users\Rohan Mukherjee\AppData\Local\Programs\MiKTeX\tex/latex/pxfonts\upxsy
b.fd
File: utxsyb.fd 2000/12/14 v1.0
)
LaTeX Font Info:    Trying to load font information for U+pxmia on input line 1
51.

(C:\Users\Rohan Mukherjee\AppData\Local\Programs\MiKTeX\tex/latex/pxfonts\upxmi
a.fd
File: upxmia.fd 2000/12/14 v1.0
)
LaTeX Font Info:    Trying to load font information for U+pxsyc on input line 1
51.

(C:\Users\Rohan Mukherjee\AppData\Local\Programs\MiKTeX\tex/latex/pxfonts\upxsy
c.fd
File: upxsyc.fd 2000/12/14 v1.0
)
LaTeX Font Info:    Trying to load font information for U+rsfs on input line 15
1.

(C:\Users\Rohan Mukherjee\AppData\Local\Programs\MiKTeX\tex/latex/jknappen\ursf
s.fd
File: ursfs.fd 1998/03/24 rsfs font definition file (jk)
)
LaTeX Font Info:    Trying to load font information for U+wasy on input line 15
1.

(C:\Users\Rohan Mukherjee\AppData\Local\Programs\MiKTeX\tex/latex/wasysym\uwasy
.fd
File: uwasy.fd 2020/01/19 v2.4 Wasy-2 symbol font definitions
) [1

{C:/Users/Rohan Mukherjee/AppData/Local/MiKTeX/fonts/map/pdftex/pdftex.map}]
Overfull \hbox (27.82672pt too wide) detected at line 195
[]
 []


Overfull \hbox (50.59518pt too wide) in paragraph at lines 210--212
\OT1/pxr/m/n/12 (-20) By the law of to-tal ex-pec-ta-tion. First, $\U/pxsyb/m/n
/12 E[] \OT1/pxr/m/n/12 (-20) = \U/pxsyb/m/n/12 E[] \OT1/pxr/m/n/12 (-20) = [][
] \U/pxsyb/m/n/12 E[] \OT1/pxr/m/n/12 (-20) =
 []

[2] [3] [4] [5] [6]

LaTeX Font Warning: Font shape `U/wasy/b/n' in size <8> not available
(Font)              Font shape `U/wasy/m/n' tried instead on input line 290.


LaTeX Font Warning: Font shape `U/wasy/b/n' in size <6> not available
(Font)              Font shape `U/wasy/m/n' tried instead on input line 290.

[7]

Package amsmath Warning: Foreign command \atopwithdelims;
(amsmath)                \frac or \genfrac should be used instead
(amsmath)                 on input line 327.

[8] [9] (HW7.aux)
Package rerunfilecheck Info: File `HW7.out' has not changed.
(rerunfilecheck)             Checksum: D41D8CD98F00B204E9800998ECF8427E;0.
 ) 
Here is how much of TeX's memory you used:
 28361 strings out of 475385
 535005 string characters out of 2772150
 907895 words of memory out of 3000000
 48927 multiletter control sequences out of 15000+600000
 519250 words of font info for 300 fonts, out of 8000000 for 9000
 1141 hyphenation exceptions out of 8191
 114i,20n,118p,1002b,757s stack positions out of 10000i,1000n,20000p,200000b,80000s
{C:/Users/Rohan Mukherjee/AppData/Local/Programs/MiKTeX/fonts/enc/dvips/base/
8r.enc}<C:/Users/Rohan Mukherjee/AppData/Local/Programs/MiKTeX/fonts/type1/publ
ic/pxfonts/pxbsy.pfb><C:/Users/Rohan Mukherjee/AppData/Local/Programs/MiKTeX/fo
nts/type1/public/pxfonts/pxex.pfb><C:/Users/Rohan Mukherjee/AppData/Local/Progr
ams/MiKTeX/fonts/type1/public/pxfonts/pxsy.pfb><C:/Users/Rohan Mukherjee/AppDat
a/Local/Programs/MiKTeX/fonts/type1/public/pxfonts/pxsyb.pfb><C:/Users/Rohan Mu
kherjee/AppData/Local/Programs/MiKTeX/fonts/type1/public/pxfonts/pxsyc.pfb><C:/
Users/Rohan Mukherjee/AppData/Local/Programs/MiKTeX/fonts/type1/public/pxfonts/
rpxmi.pfb><C:/Users/Rohan Mukherjee/AppData/Local/Programs/MiKTeX/fonts/type1/p
ublic/pxfonts/rpxr.pfb><C:/Users/Rohan Mukherjee/AppData/Local/Programs/MiKTeX/
fonts/type1/urw/palatino/uplr8a.pfb><C:/Users/Rohan Mukherjee/AppData/Local/Pro
grams/MiKTeX/fonts/type1/urw/palatino/uplri8a.pfb>
Output written on HW7.pdf (9 pages, 97430 bytes).
PDF statistics:
 134 PDF objects out of 1000 (max. 8388607)
 39 named destinations out of 1000 (max. 500000)
 63501 words of extra memory for PDF output out of 74296 (max. 10000000)

